\BOOKMARK [0][]{chapter.1}{Introduction}{}% 1
\BOOKMARK [1][]{section.1.1}{Motivation}{chapter.1}% 2
\BOOKMARK [1][]{section.1.2}{Objective}{chapter.1}% 3
\BOOKMARK [1][]{section.1.3}{Structure}{chapter.1}% 4
\BOOKMARK [0][]{chapter.2}{Key Concepts}{}% 5
\BOOKMARK [1][]{section.2.1}{Embedded Devices}{chapter.2}% 6
\BOOKMARK [1][]{section.2.2}{Trust Anchor and Root of Trust}{chapter.2}% 7
\BOOKMARK [1][]{section.2.3}{Remote Attestation}{chapter.2}% 8
\BOOKMARK [1][]{section.2.4}{Works in Remote Attestation for Embedded Devices}{chapter.2}% 9
\BOOKMARK [2][]{subsection.2.4.1}{Software Remote Attestation}{section.2.4}% 10
\BOOKMARK [2][]{subsection.2.4.2}{SMART}{section.2.4}% 11
\BOOKMARK [2][]{subsection.2.4.3}{TrustLite}{section.2.4}% 12
\BOOKMARK [2][]{subsection.2.4.4}{SANCUS}{section.2.4}% 13
\BOOKMARK [1][]{section.2.5}{FPGA}{chapter.2}% 14
\BOOKMARK [1][]{section.2.6}{Layers Contemplated}{chapter.2}% 15
\BOOKMARK [0][]{chapter.3}{Implementing SMART}{}% 16
\BOOKMARK [1][]{section.3.1}{Premises}{chapter.3}% 17
\BOOKMARK [1][]{section.3.2}{Implementation Details}{chapter.3}% 18
\BOOKMARK [2][]{subsection.3.2.1}{MSP430}{section.3.2}% 19
\BOOKMARK [2][]{subsection.3.2.2}{Development Board and SPARTAN 6}{section.3.2}% 20
\BOOKMARK [2][]{subsection.3.2.3}{Time Constants}{section.3.2}% 21
\BOOKMARK [2][]{subsection.3.2.4}{SHA256}{section.3.2}% 22
\BOOKMARK [2][]{subsection.3.2.5}{SMART Memory Access Control}{section.3.2}% 23
\BOOKMARK [2][]{subsection.3.2.6}{Linker Script}{section.3.2}% 24
\BOOKMARK [1][]{section.3.3}{Tests}{chapter.3}% 25
\BOOKMARK [2][]{subsection.3.3.1}{Continuous integration}{section.3.3}% 26
\BOOKMARK [2][]{subsection.3.3.2}{Light Remote Control}{section.3.3}% 27
\BOOKMARK [1][]{section.3.4}{Results}{chapter.3}% 28
\BOOKMARK [0][]{chapter.4}{Conclusion}{}% 29
\BOOKMARK [0][]{appendix.A}{SMART MAC Analysis}{}% 30
\BOOKMARK [0][]{appendix.B}{File and Directory Description}{}% 31
\BOOKMARK [0][]{appendix*.17}{Bibliography}{}% 32
